This file contains any messages produced by compilers while
running configure, to aid debugging if configure makes a mistake.

It was created by configure, which was
generated by GNU Autoconf 2.59.  Invocation command line was

  $ ./configure 

## --------- ##
## Platform. ##
## --------- ##

hostname = imxqddeMac-mini.local
uname -m = x86_64
uname -r = 18.2.0
uname -s = Darwin
uname -v = Darwin Kernel Version 18.2.0: Fri Oct  5 19:41:49 PDT 2018; root:xnu-4903.221.2~2/RELEASE_X86_64

/usr/bin/uname -p = i386
/bin/uname -X     = unknown

/bin/arch              = unknown
/usr/bin/arch -k       = unknown
/usr/convex/getsysinfo = unknown
hostinfo               = Mach kernel version:
	 Darwin Kernel Version 18.2.0: Fri Oct  5 19:41:49 PDT 2018; root:xnu-4903.221.2~2/RELEASE_X86_64
Kernel configured for up to 4 processors.
2 processors are physically available.
4 processors are logically available.
Processor type: x86_64h (Intel x86-64h Haswell)
Processors active: 0 1 2 3
Primary memory available: 8.00 gigabytes
Default processor set: 387 tasks, 2294 threads, 4 processors
Load average: 2.25, Mach factor: 1.73
/bin/machine           = unknown
/usr/bin/oslevel       = unknown
/bin/universe          = unknown

PATH: /Users/imxqd/bin/
PATH: /Users/imxqd/anaconda3/bin
PATH: /usr/local/bin
PATH: /usr/bin
PATH: /bin
PATH: /usr/sbin
PATH: /sbin
PATH: /Users/imxqd/Library/Android/sdk/platform-tools/
PATH: /Users/imxqd/Library/Android/ndk/android-ndk-r15c


## ----------- ##
## Core tests. ##
## ----------- ##

configure:1334: checking for gcc
configure:1350: found /usr/bin/gcc
configure:1360: result: gcc
configure:1604: checking for C compiler version
configure:1607: gcc --version </dev/null >&5
Configured with: --prefix=/Applications/Xcode.app/Contents/Developer/usr --with-gxx-include-dir=/Applications/Xcode.app/Contents/Developer/Platforms/MacOSX.platform/Developer/SDKs/MacOSX10.14.sdk/usr/include/c++/4.2.1
Apple LLVM version 10.0.0 (clang-1000.11.45.2)
Target: x86_64-apple-darwin18.2.0
Thread model: posix
InstalledDir: /Applications/Xcode.app/Contents/Developer/Toolchains/XcodeDefault.xctoolchain/usr/bin
configure:1610: $? = 0
configure:1612: gcc -v </dev/null >&5
Configured with: --prefix=/Applications/Xcode.app/Contents/Developer/usr --with-gxx-include-dir=/Applications/Xcode.app/Contents/Developer/Platforms/MacOSX.platform/Developer/SDKs/MacOSX10.14.sdk/usr/include/c++/4.2.1
Apple LLVM version 10.0.0 (clang-1000.11.45.2)
Target: x86_64-apple-darwin18.2.0
Thread model: posix
InstalledDir: /Applications/Xcode.app/Contents/Developer/Toolchains/XcodeDefault.xctoolchain/usr/bin
configure:1615: $? = 0
configure:1617: gcc -V </dev/null >&5
clang: error: argument to '-V' is missing (expected 1 value)
clang: error: no input files
configure:1620: $? = 1
configure:1643: checking for C compiler default output file name
configure:1646: gcc    conftest.c  >&5
configure:1649: $? = 0
configure:1695: result: a.out
configure:1700: checking whether the C compiler works
configure:1706: ./a.out
configure:1709: $? = 0
configure:1726: result: yes
configure:1733: checking whether we are cross compiling
configure:1735: result: no
configure:1738: checking for suffix of executables
configure:1740: gcc -o conftest    conftest.c  >&5
configure:1743: $? = 0
configure:1768: result: 
configure:1774: checking for suffix of object files
configure:1795: gcc -c   conftest.c >&5
configure:1798: $? = 0
configure:1820: result: o
configure:1824: checking whether we are using the GNU C compiler
configure:1848: gcc -c   conftest.c >&5
configure:1854: $? = 0
configure:1858: test -z 
			 || test ! -s conftest.err
configure:1861: $? = 0
configure:1864: test -s conftest.o
configure:1867: $? = 0
configure:1880: result: yes
configure:1886: checking whether gcc accepts -g
configure:1907: gcc -c -g  conftest.c >&5
configure:1913: $? = 0
configure:1917: test -z 
			 || test ! -s conftest.err
configure:1920: $? = 0
configure:1923: test -s conftest.o
configure:1926: $? = 0
configure:1937: result: yes
configure:1954: checking for gcc option to accept ANSI C
configure:2024: gcc  -c -g -O2  conftest.c >&5
configure:2030: $? = 0
configure:2034: test -z 
			 || test ! -s conftest.err
configure:2037: $? = 0
configure:2040: test -s conftest.o
configure:2043: $? = 0
configure:2061: result: none needed
configure:2079: gcc -c -g -O2  conftest.c >&5
conftest.c:2:3: error: unknown type name 'choke'
  choke me
  ^
conftest.c:2:11: error: expected ';' after top level declarator
  choke me
          ^
          ;
2 errors generated.
configure:2085: $? = 1
configure: failed program was:
| #ifndef __cplusplus
|   choke me
| #endif
configure:2223: checking for FT_Init_FreeType in -lfreetype
configure:2253: gcc -o conftest -g -O2  -I/usr/local/opt/freetype/include/freetype2  conftest.c -lfreetype   -L/usr/local/opt/freetype/lib -lfreetype >&5
configure:2259: $? = 0
configure:2263: test -z 
			 || test ! -s conftest.err
configure:2266: $? = 0
configure:2269: test -s conftest
configure:2272: $? = 0
configure:2285: result: yes
configure:2315: checking for rm
configure:2331: found /bin/rm
configure:2341: result: rm
configure:2350: checking for cp
configure:2366: found /bin/cp
configure:2376: result: cp
configure:2389: checking how to run the C preprocessor
configure:2424: gcc -E  -I/usr/local/opt/freetype/include/freetype2 conftest.c
configure:2430: $? = 0
configure:2462: gcc -E  -I/usr/local/opt/freetype/include/freetype2 conftest.c
conftest.c:9:10: fatal error: 'ac_nonexistent.h' file not found
#include <ac_nonexistent.h>
         ^~~~~~~~~~~~~~~~~~
1 error generated.
configure:2468: $? = 1
configure: failed program was:
| /* confdefs.h.  */
| 
| #define PACKAGE_NAME ""
| #define PACKAGE_TARNAME ""
| #define PACKAGE_VERSION ""
| #define PACKAGE_STRING ""
| #define PACKAGE_BUGREPORT ""
| /* end confdefs.h.  */
| #include <ac_nonexistent.h>
configure:2507: result: gcc -E
configure:2531: gcc -E  -I/usr/local/opt/freetype/include/freetype2 conftest.c
configure:2537: $? = 0
configure:2569: gcc -E  -I/usr/local/opt/freetype/include/freetype2 conftest.c
conftest.c:9:10: fatal error: 'ac_nonexistent.h' file not found
#include <ac_nonexistent.h>
         ^~~~~~~~~~~~~~~~~~
1 error generated.
configure:2575: $? = 1
configure: failed program was:
| /* confdefs.h.  */
| 
| #define PACKAGE_NAME ""
| #define PACKAGE_TARNAME ""
| #define PACKAGE_VERSION ""
| #define PACKAGE_STRING ""
| #define PACKAGE_BUGREPORT ""
| /* end confdefs.h.  */
| #include <ac_nonexistent.h>
configure:2619: checking for egrep
configure:2629: result: grep -E
configure:2634: checking for ANSI C header files
configure:2659: gcc -c -g -O2  -I/usr/local/opt/freetype/include/freetype2 conftest.c >&5
configure:2665: $? = 0
configure:2669: test -z 
			 || test ! -s conftest.err
configure:2672: $? = 0
configure:2675: test -s conftest.o
configure:2678: $? = 0
configure:2767: gcc -o conftest -g -O2  -I/usr/local/opt/freetype/include/freetype2  conftest.c  -L/usr/local/opt/freetype/lib -lfreetype -lfreetype >&5
conftest.c:26:7: warning: implicitly declaring library function 'exit' with type 'void (int) __attribute__((noreturn))' [-Wimplicit-function-declaration]
      exit(2);
      ^
conftest.c:26:7: note: include the header <stdlib.h> or explicitly provide a declaration for 'exit'
1 warning generated.
configure:2770: $? = 0
configure:2772: ./conftest
configure:2775: $? = 0
configure:2790: result: yes
configure:2814: checking for sys/types.h
configure:2830: gcc -c -g -O2  -I/usr/local/opt/freetype/include/freetype2 conftest.c >&5
configure:2836: $? = 0
configure:2840: test -z 
			 || test ! -s conftest.err
configure:2843: $? = 0
configure:2846: test -s conftest.o
configure:2849: $? = 0
configure:2860: result: yes
configure:2814: checking for sys/stat.h
configure:2830: gcc -c -g -O2  -I/usr/local/opt/freetype/include/freetype2 conftest.c >&5
configure:2836: $? = 0
configure:2840: test -z 
			 || test ! -s conftest.err
configure:2843: $? = 0
configure:2846: test -s conftest.o
configure:2849: $? = 0
configure:2860: result: yes
configure:2814: checking for stdlib.h
configure:2830: gcc -c -g -O2  -I/usr/local/opt/freetype/include/freetype2 conftest.c >&5
configure:2836: $? = 0
configure:2840: test -z 
			 || test ! -s conftest.err
configure:2843: $? = 0
configure:2846: test -s conftest.o
configure:2849: $? = 0
configure:2860: result: yes
configure:2814: checking for string.h
configure:2830: gcc -c -g -O2  -I/usr/local/opt/freetype/include/freetype2 conftest.c >&5
configure:2836: $? = 0
configure:2840: test -z 
			 || test ! -s conftest.err
configure:2843: $? = 0
configure:2846: test -s conftest.o
configure:2849: $? = 0
configure:2860: result: yes
configure:2814: checking for memory.h
configure:2830: gcc -c -g -O2  -I/usr/local/opt/freetype/include/freetype2 conftest.c >&5
configure:2836: $? = 0
configure:2840: test -z 
			 || test ! -s conftest.err
configure:2843: $? = 0
configure:2846: test -s conftest.o
configure:2849: $? = 0
configure:2860: result: yes
configure:2814: checking for strings.h
configure:2830: gcc -c -g -O2  -I/usr/local/opt/freetype/include/freetype2 conftest.c >&5
configure:2836: $? = 0
configure:2840: test -z 
			 || test ! -s conftest.err
configure:2843: $? = 0
configure:2846: test -s conftest.o
configure:2849: $? = 0
configure:2860: result: yes
configure:2814: checking for inttypes.h
configure:2830: gcc -c -g -O2  -I/usr/local/opt/freetype/include/freetype2 conftest.c >&5
configure:2836: $? = 0
configure:2840: test -z 
			 || test ! -s conftest.err
configure:2843: $? = 0
configure:2846: test -s conftest.o
configure:2849: $? = 0
configure:2860: result: yes
configure:2814: checking for stdint.h
configure:2830: gcc -c -g -O2  -I/usr/local/opt/freetype/include/freetype2 conftest.c >&5
configure:2836: $? = 0
configure:2840: test -z 
			 || test ! -s conftest.err
configure:2843: $? = 0
configure:2846: test -s conftest.o
configure:2849: $? = 0
configure:2860: result: yes
configure:2814: checking for unistd.h
configure:2830: gcc -c -g -O2  -I/usr/local/opt/freetype/include/freetype2 conftest.c >&5
configure:2836: $? = 0
configure:2840: test -z 
			 || test ! -s conftest.err
configure:2843: $? = 0
configure:2846: test -s conftest.o
configure:2849: $? = 0
configure:2860: result: yes
configure:2877: checking for unistd.h
configure:2882: result: yes
configure:3023: checking for working memcmp
configure:3071: gcc -o conftest -g -O2  -I/usr/local/opt/freetype/include/freetype2  conftest.c  -L/usr/local/opt/freetype/lib -lfreetype -lfreetype >&5
configure:3074: $? = 0
configure:3076: ./conftest
configure:3079: $? = 0
configure:3093: result: yes
configure:3232: creating ./config.status

## ---------------------- ##
## Running config.status. ##
## ---------------------- ##

This file was extended by config.status, which was
generated by GNU Autoconf 2.59.  Invocation command line was

  CONFIG_FILES    = 
  CONFIG_HEADERS  = 
  CONFIG_LINKS    = 
  CONFIG_COMMANDS = 
  $ ./config.status 

on imxqddeMac-mini.local

config.status:636: creating Makefile

## ---------------- ##
## Cache variables. ##
## ---------------- ##

ac_cv_c_compiler_gnu=yes
ac_cv_env_CC_set=
ac_cv_env_CC_value=
ac_cv_env_CFLAGS_set=
ac_cv_env_CFLAGS_value=
ac_cv_env_CPPFLAGS_set=
ac_cv_env_CPPFLAGS_value=
ac_cv_env_CPP_set=
ac_cv_env_CPP_value=
ac_cv_env_LDFLAGS_set=
ac_cv_env_LDFLAGS_value=
ac_cv_env_build_alias_set=
ac_cv_env_build_alias_value=
ac_cv_env_host_alias_set=
ac_cv_env_host_alias_value=
ac_cv_env_target_alias_set=
ac_cv_env_target_alias_value=
ac_cv_exeext=
ac_cv_func_memcmp_working=yes
ac_cv_header_inttypes_h=yes
ac_cv_header_memory_h=yes
ac_cv_header_stdc=yes
ac_cv_header_stdint_h=yes
ac_cv_header_stdlib_h=yes
ac_cv_header_string_h=yes
ac_cv_header_strings_h=yes
ac_cv_header_sys_stat_h=yes
ac_cv_header_sys_types_h=yes
ac_cv_header_unistd_h=yes
ac_cv_lib_freetype_FT_Init_FreeType=yes
ac_cv_objext=o
ac_cv_prog_CP=cp
ac_cv_prog_CPP='gcc -E'
ac_cv_prog_RM=rm
ac_cv_prog_ac_ct_CC=gcc
ac_cv_prog_cc_g=yes
ac_cv_prog_cc_stdc=
ac_cv_prog_egrep='grep -E'

## ----------------- ##
## Output variables. ##
## ----------------- ##

CC='gcc'
CFLAGS='-g -O2'
CP='cp'
CPP='gcc -E'
CPPFLAGS=' -I/usr/local/opt/freetype/include/freetype2'
DEFS='-DPACKAGE_NAME=\"\" -DPACKAGE_TARNAME=\"\" -DPACKAGE_VERSION=\"\" -DPACKAGE_STRING=\"\" -DPACKAGE_BUGREPORT=\"\" -DSTDC_HEADERS=1 -DHAVE_SYS_TYPES_H=1 -DHAVE_SYS_STAT_H=1 -DHAVE_STDLIB_H=1 -DHAVE_STRING_H=1 -DHAVE_MEMORY_H=1 -DHAVE_STRINGS_H=1 -DHAVE_INTTYPES_H=1 -DHAVE_STDINT_H=1 -DHAVE_UNISTD_H=1 -DHAVE_UNISTD_H=1 '
ECHO_C='ECHO_N=''
ECHO_T=''
EGREP='grep -E'
EXEEXT=''
LDFLAGS=''
LIBOBJS=''
LIBS=' -L/usr/local/opt/freetype/lib -lfreetype -lfreetype'
LTLIBOBJS=''
OBJEXT='o'
PACKAGE_BUGREPORT=''
PACKAGE_NAME=''
PACKAGE_STRING=''
PACKAGE_TARNAME=''
PACKAGE_VERSION=''
PATH_SEPARATOR=':'
RM='rm'
SHELL='/bin/sh'
XX_CFLAGS='-Wall -pedantic'
ac_ct_CC='gcc'
bindir='${exec_prefix}/bin'
build_alias=''
datadir='${prefix}/share'
exec_prefix='${prefix}'
host_alias=''
includedir='${prefix}/include'
infodir='${prefix}/info'
libdir='${exec_prefix}/lib'
libexecdir='${exec_prefix}/libexec'
localstatedir='${prefix}/var'
mandir='${prefix}/man'
oldincludedir='/usr/include'
prefix='/usr/local'
program_transform_name='s,x,x,'
sbindir='${exec_prefix}/sbin'
sharedstatedir='${prefix}/com'
sysconfdir='${prefix}/etc'
target_alias=''

## ----------- ##
## confdefs.h. ##
## ----------- ##

#define HAVE_INTTYPES_H 1
#define HAVE_MEMORY_H 1
#define HAVE_STDINT_H 1
#define HAVE_STDLIB_H 1
#define HAVE_STRINGS_H 1
#define HAVE_STRING_H 1
#define HAVE_SYS_STAT_H 1
#define HAVE_SYS_TYPES_H 1
#define HAVE_UNISTD_H 1
#define HAVE_UNISTD_H 1
#define PACKAGE_BUGREPORT ""
#define PACKAGE_NAME ""
#define PACKAGE_STRING ""
#define PACKAGE_TARNAME ""
#define PACKAGE_VERSION ""
#define STDC_HEADERS 1

configure: exit 0
